# JRE version: Java(TM) SE Runtime Environment (8.0_51-b16) (build 1.8.0_51-b16)
# Java VM: Java HotSpot(TM) 64-Bit Server VM (25.51-b03 mixed mode windows-amd64 compressed oops)
Heap:
 PSYoungGen      total 153088K, used 27528K [0x0000000715800000, 0x0000000720280000, 0x00000007c0000000)
  eden space 131584K, 20% used [0x0000000715800000,0x00000007172e22c8,0x000000071d880000)
  from space 21504K, 0% used [0x000000071d880000,0x000000071d880000,0x000000071ed80000)
  to   space 21504K, 0% used [0x000000071ed80000,0x000000071ed80000,0x0000000720280000)
 ParOldGen       total 349696K, used 2295K [0x00000005c0800000, 0x00000005d5d80000, 0x0000000715800000)
  object space 349696K, 0% used [0x00000005c0800000,0x00000005c0a3dcf0,0x00000005d5d80000)
 Metaspace       used 13240K, capacity 13458K, committed 13824K, reserved 1060864K
  class space    used 1419K, capacity 1493K, committed 1536K, reserved 1048576K
GC Heap History (10 events):
Event: 507603.412 GC heap before
{Heap before GC invocations=286 (full 143):
 PSYoungGen      total 153088K, used 256K [0x0000000715800000, 0x0000000720280000, 0x00000007c0000000)
  eden space 131584K, 0% used [0x0000000715800000,0x0000000715800000,0x000000071d880000)
  from space 21504K, 1% used [0x000000071d880000,0x000000071d8c0000,0x000000071ed80000)
  to   space 21504K, 0% used [0x000000071ed80000,0x000000071ed80000,0x0000000720280000)
 ParOldGen       total 349696K, used 2288K [0x00000005c0800000, 0x00000005d5d80000, 0x0000000715800000)
  object space 349696K, 0% used [0x00000005c0800000,0x00000005c0a3c1f8,0x00000005d5d80000)
 Metaspace       used 13223K, capacity 13452K, committed 13824K, reserved 1060864K
  class space    used 1418K, capacity 1492K, committed 1536K, reserved 1048576K
Event: 507603.424 GC heap after
Heap after GC invocations=286 (full 143):
 PSYoungGen      total 153088K, used 0K [0x0000000715800000, 0x0000000720280000, 0x00000007c0000000)
  eden space 131584K, 0% used [0x0000000715800000,0x0000000715800000,0x000000071d880000)
  from space 21504K, 0% used [0x000000071d880000,0x000000071d880000,0x000000071ed80000)
  to   space 21504K, 0% used [0x000000071ed80000,0x000000071ed80000,0x0000000720280000)
 ParOldGen       total 349696K, used 2289K [0x00000005c0800000, 0x00000005d5d80000, 0x0000000715800000)
  object space 349696K, 0% used [0x00000005c0800000,0x00000005c0a3c508,0x00000005d5d80000)
 Metaspace       used 13223K, capacity 13452K, committed 13824K, reserved 1060864K
  class space    used 1418K, capacity 1492K, committed 1536K, reserved 1048576K
}
Event: 511203.424 GC heap before
{Heap before GC invocations=287 (full 143):
 PSYoungGen      total 153088K, used 12253K [0x0000000715800000, 0x0000000720280000, 0x00000007c0000000)
  eden space 131584K, 9% used [0x0000000715800000,0x00000007163f7568,0x000000071d880000)
  from space 21504K, 0% used [0x000000071d880000,0x000000071d880000,0x000000071ed80000)
  to   space 21504K, 0% used [0x000000071ed80000,0x000000071ed80000,0x0000000720280000)
 ParOldGen       total 349696K, used 2289K [0x00000005c0800000, 0x00000005d5d80000, 0x0000000715800000)
  object space 349696K, 0% used [0x00000005c0800000,0x00000005c0a3c508,0x00000005d5d80000)
 Metaspace       used 13223K, capacity 13452K, committed 13824K, reserved 1060864K
  class space    used 1418K, capacity 1492K, committed 1536K, reserved 1048576K
Event: 511203.425 GC heap after
Heap after GC invocations=287 (full 143):
 PSYoungGen      total 153088K, used 160K [0x0000000715800000, 0x0000000720280000, 0x00000007c0000000)
  eden space 131584K, 0% used [0x0000000715800000,0x0000000715800000,0x000000071d880000)
  from space 21504K, 0% used [0x000000071ed80000,0x000000071eda8000,0x0000000720280000)
  to   space 21504K, 0% used [0x000000071d880000,0x000000071d880000,0x000000071ed80000)
 ParOldGen       total 349696K, used 2289K [0x00000005c0800000, 0x00000005d5d80000, 0x0000000715800000)
  object space 349696K, 0% used [0x00000005c0800000,0x00000005c0a3c508,0x00000005d5d80000)
 Metaspace       used 13223K, capacity 13452K, committed 13824K, reserved 1060864K
  class space    used 1418K, capacity 1492K, committed 1536K, reserved 1048576K
}
Event: 511203.425 GC heap before
{Heap before GC invocations=288 (full 144):
 PSYoungGen      total 153088K, used 160K [0x0000000715800000, 0x0000000720280000, 0x00000007c0000000)
  eden space 131584K, 0% used [0x0000000715800000,0x0000000715800000,0x000000071d880000)
  from space 21504K, 0% used [0x000000071ed80000,0x000000071eda8000,0x0000000720280000)
  to   space 21504K, 0% used [0x000000071d880000,0x000000071d880000,0x000000071ed80000)
 ParOldGen       total 349696K, used 2289K [0x00000005c0800000, 0x00000005d5d80000, 0x0000000715800000)
  object space 349696K, 0% used [0x00000005c0800000,0x00000005c0a3c508,0x00000005d5d80000)
 Metaspace       used 13223K, capacity 13452K, committed 13824K, reserved 1060864K
  class space    used 1418K, capacity 1492K, committed 1536K, reserved 1048576K
Event: 511203.437 GC heap after
Heap after GC invocations=288 (full 144):
 PSYoungGen      total 153088K, used 0K [0x0000000715800000, 0x0000000720280000, 0x00000007c0000000)
  eden space 131584K, 0% used [0x0000000715800000,0x0000000715800000,0x000000071d880000)
  from space 21504K, 0% used [0x000000071ed80000,0x000000071ed80000,0x0000000720280000)
  to   space 21504K, 0% used [0x000000071d880000,0x000000071d880000,0x000000071ed80000)
 ParOldGen       total 349696K, used 2286K [0x00000005c0800000, 0x00000005d5d80000, 0x0000000715800000)
  object space 349696K, 0% used [0x00000005c0800000,0x00000005c0a3bbd8,0x00000005d5d80000)
 Metaspace       used 13223K, capacity 13452K, committed 13824K, reserved 1060864K
  class space    used 1418K, capacity 1492K, committed 1536K, reserved 1048576K
}
Event: 514803.437 GC heap before
{Heap before GC invocations=289 (full 144):
 PSYoungGen      total 153088K, used 28414K [0x0000000715800000, 0x0000000720280000, 0x00000007c0000000)
  eden space 131584K, 21% used [0x0000000715800000,0x00000007173bf910,0x000000071d880000)
  from space 21504K, 0% used [0x000000071ed80000,0x000000071ed80000,0x0000000720280000)
  to   space 21504K, 0% used [0x000000071d880000,0x000000071d880000,0x000000071ed80000)
 ParOldGen       total 349696K, used 2286K [0x00000005c0800000, 0x00000005d5d80000, 0x0000000715800000)
  object space 349696K, 0% used [0x00000005c0800000,0x00000005c0a3bbd8,0x00000005d5d80000)
 Metaspace       used 13229K, capacity 13458K, committed 13824K, reserved 1060864K
  class space    used 1419K, capacity 1493K, committed 1536K, reserved 1048576K
Event: 514803.439 GC heap after
Heap after GC invocations=289 (full 144):
 PSYoungGen      total 153088K, used 224K [0x0000000715800000, 0x0000000720280000, 0x00000007c0000000)
  eden space 131584K, 0% used [0x0000000715800000,0x0000000715800000,0x000000071d880000)
  from space 21504K, 1% used [0x000000071d880000,0x000000071d8b8000,0x000000071ed80000)
  to   space 21504K, 0% used [0x000000071ed80000,0x000000071ed80000,0x0000000720280000)
 ParOldGen       total 349696K, used 2286K [0x00000005c0800000, 0x00000005d5d80000, 0x0000000715800000)
  object space 349696K, 0% used [0x00000005c0800000,0x00000005c0a3bbd8,0x00000005d5d80000)
 Metaspace       used 13229K, capacity 13458K, committed 13824K, reserved 1060864K
  class space    used 1419K, capacity 1493K, committed 1536K, reserved 1048576K
}
Event: 514803.439 GC heap before
{Heap before GC invocations=290 (full 145):
 PSYoungGen      total 153088K, used 224K [0x0000000715800000, 0x0000000720280000, 0x00000007c0000000)
  eden space 131584K, 0% used [0x0000000715800000,0x0000000715800000,0x000000071d880000)
  from space 21504K, 1% used [0x000000071d880000,0x000000071d8b8000,0x000000071ed80000)
  to   space 21504K, 0% used [0x000000071ed80000,0x000000071ed80000,0x0000000720280000)
 ParOldGen       total 349696K, used 2286K [0x00000005c0800000, 0x00000005d5d80000, 0x0000000715800000)
  object space 349696K, 0% used [0x00000005c0800000,0x00000005c0a3bbd8,0x00000005d5d80000)
 Metaspace       used 13229K, capacity 13458K, committed 13824K, reserved 1060864K
  class space    used 1419K, capacity 1493K, committed 1536K, reserved 1048576K
Event: 514803.452 GC heap after
Heap after GC invocations=290 (full 145):
 PSYoungGen      total 153088K, used 0K [0x0000000715800000, 0x0000000720280000, 0x00000007c0000000)
  eden space 131584K, 0% used [0x0000000715800000,0x0000000715800000,0x000000071d880000)
  from space 21504K, 0% used [0x000000071d880000,0x000000071d880000,0x000000071ed80000)
  to   space 21504K, 0% used [0x000000071ed80000,0x000000071ed80000,0x0000000720280000)
 ParOldGen       total 349696K, used 2295K [0x00000005c0800000, 0x00000005d5d80000, 0x0000000715800000)
  object space 349696K, 0% used [0x00000005c0800000,0x00000005c0a3dcf0,0x00000005d5d80000)
 Metaspace       used 13229K, capacity 13458K, committed 13824K, reserved 1060864K
  class space    used 1419K, capacity 1493K, committed 1536K, reserved 1048576K
}

